Testsuite: com.nixsolutions.usermanagement.UserTest
Tests run: 2, Failures: 2, Errors: 0, Skipped: 0, Time elapsed: 0,012 sec

Testcase: testGetFullName took 0,004 sec
	FAILED
expected:<Doe,[ ]John> but was:<Doe,[]John>
junit.framework.ComparisonFailure: expected:<Doe,[ ]John> but was:<Doe,[]John>
	at com.nixsolutions.usermanagement.UserTest.testGetFullName(UserTest.java:27)
	at org.eclipse.ant.internal.launching.remote.EclipseDefaultExecutor.executeTargets(EclipseDefaultExecutor.java:36)
	at org.eclipse.ant.internal.launching.remote.InternalAntRunner.run(InternalAntRunner.java:460)
	at org.eclipse.ant.internal.launching.remote.InternalAntRunner.main(InternalAntRunner.java:142)

Testcase: testGetAge took 0,001 sec
	FAILED
expected:<22> but was:<33>
junit.framework.AssertionFailedError: expected:<22> but was:<33>
	at com.nixsolutions.usermanagement.UserTest.testGetAge(UserTest.java:32)
	at org.eclipse.ant.internal.launching.remote.EclipseDefaultExecutor.executeTargets(EclipseDefaultExecutor.java:36)
	at org.eclipse.ant.internal.launching.remote.InternalAntRunner.run(InternalAntRunner.java:460)
	at org.eclipse.ant.internal.launching.remote.InternalAntRunner.main(InternalAntRunner.java:142)

